# JRE version: OpenJDK Runtime Environment (11.0.8+10) (build 11.0.8+10-b944.6842174)
# Java VM: OpenJDK 64-Bit Server VM (11.0.8+10-b944.6842174, mixed mode, tiered, compressed oops, g1 gc, windows-amd64)
Heap:
 garbage-first heap   total 402432K, used 269681K [0x00000000a0000000, 0x0000000100000000)
  region size 1024K, 2 young (2048K), 2 survivors (2048K)
 Metaspace       used 97846K, capacity 100701K, committed 100872K, reserved 1136640K
  class space    used 12358K, capacity 13442K, committed 13568K, reserved 1048576K
GC Heap History (20 events):
Event: 53.212 GC heap after
{Heap after GC invocations=32 (full 0):
 garbage-first heap   total 272384K, used 147067K [0x00000000a0000000, 0x0000000100000000)
  region size 1024K, 14 young (14336K), 14 survivors (14336K)
 Metaspace       used 97719K, capacity 100644K, committed 100872K, reserved 1136640K
  class space    used 12360K, capacity 13450K, committed 13568K, reserved 1048576K
}
Event: 54.198 GC heap before
{Heap before GC invocations=33 (full 0):
 garbage-first heap   total 272384K, used 250491K [0x00000000a0000000, 0x0000000100000000)
  region size 1024K, 86 young (88064K), 14 survivors (14336K)
 Metaspace       used 97740K, capacity 100634K, committed 100872K, reserved 1136640K
  class space    used 12359K, capacity 13446K, committed 13568K, reserved 1048576K
}
Event: 54.250 GC heap after
{Heap after GC invocations=34 (full 0):
 garbage-first heap   total 285696K, used 183680K [0x00000000a0000000, 0x0000000100000000)
  region size 1024K, 11 young (11264K), 11 survivors (11264K)
 Metaspace       used 97740K, capacity 100634K, committed 100872K, reserved 1136640K
  class space    used 12359K, capacity 13446K, committed 13568K, reserved 1048576K
}
Event: 54.270 GC heap before
{Heap before GC invocations=34 (full 0):
 garbage-first heap   total 285696K, used 185728K [0x00000000a0000000, 0x0000000100000000)
  region size 1024K, 13 young (13312K), 11 survivors (11264K)
 Metaspace       used 97740K, capacity 100634K, committed 100872K, reserved 1136640K
  class space    used 12359K, capacity 13446K, committed 13568K, reserved 1048576K
}
Event: 54.311 GC heap after
{Heap after GC invocations=35 (full 0):
 garbage-first heap   total 285696K, used 164933K [0x00000000a0000000, 0x0000000100000000)
  region size 1024K, 2 young (2048K), 2 survivors (2048K)
 Metaspace       used 97740K, capacity 100634K, committed 100872K, reserved 1136640K
  class space    used 12359K, capacity 13446K, committed 13568K, reserved 1048576K
}
Event: 54.320 GC heap before
{Heap before GC invocations=35 (full 0):
 garbage-first heap   total 285696K, used 164933K [0x00000000a0000000, 0x0000000100000000)
  region size 1024K, 3 young (3072K), 2 survivors (2048K)
 Metaspace       used 97740K, capacity 100634K, committed 100872K, reserved 1136640K
  class space    used 12359K, capacity 13446K, committed 13568K, reserved 1048576K
}
Event: 54.329 GC heap after
{Heap after GC invocations=36 (full 0):
 garbage-first heap   total 285696K, used 164806K [0x00000000a0000000, 0x0000000100000000)
  region size 1024K, 2 young (2048K), 2 survivors (2048K)
 Metaspace       used 97740K, capacity 100634K, committed 100872K, reserved 1136640K
  class space    used 12359K, capacity 13446K, committed 13568K, reserved 1048576K
}
Event: 55.205 GC heap before
{Heap before GC invocations=37 (full 0):
 garbage-first heap   total 285696K, used 226246K [0x00000000a0000000, 0x0000000100000000)
  region size 1024K, 61 young (62464K), 2 survivors (2048K)
 Metaspace       used 97759K, capacity 100624K, committed 100872K, reserved 1136640K
  class space    used 12357K, capacity 13441K, committed 13568K, reserved 1048576K
}
Event: 55.274 GC heap after
{Heap after GC invocations=38 (full 0):
 garbage-first heap   total 285696K, used 193974K [0x00000000a0000000, 0x0000000100000000)
  region size 1024K, 8 young (8192K), 8 survivors (8192K)
 Metaspace       used 97759K, capacity 100624K, committed 100872K, reserved 1136640K
  class space    used 12357K, capacity 13441K, committed 13568K, reserved 1048576K
}
Event: 55.334 GC heap before
{Heap before GC invocations=38 (full 0):
 garbage-first heap   total 285696K, used 199094K [0x00000000a0000000, 0x0000000100000000)
  region size 1024K, 13 young (13312K), 8 survivors (8192K)
 Metaspace       used 97764K, capacity 100625K, committed 100872K, reserved 1136640K
  class space    used 12357K, capacity 13441K, committed 13568K, reserved 1048576K
}
Event: 55.370 GC heap after
{Heap after GC invocations=39 (full 0):
 garbage-first heap   total 337920K, used 193536K [0x00000000a0000000, 0x0000000100000000)
  region size 1024K, 2 young (2048K), 2 survivors (2048K)
 Metaspace       used 97764K, capacity 100625K, committed 100872K, reserved 1136640K
  class space    used 12357K, capacity 13441K, committed 13568K, reserved 1048576K
}
Event: 56.014 GC heap before
{Heap before GC invocations=39 (full 0):
 garbage-first heap   total 337920K, used 256000K [0x00000000a0000000, 0x0000000100000000)
  region size 1024K, 64 young (65536K), 2 survivors (2048K)
 Metaspace       used 97814K, capacity 100696K, committed 100872K, reserved 1136640K
  class space    used 12357K, capacity 13442K, committed 13568K, reserved 1048576K
}
Event: 56.081 GC heap after
{Heap after GC invocations=40 (full 0):
 garbage-first heap   total 337920K, used 229376K [0x00000000a0000000, 0x0000000100000000)
  region size 1024K, 8 young (8192K), 8 survivors (8192K)
 Metaspace       used 97814K, capacity 100696K, committed 100872K, reserved 1136640K
  class space    used 12357K, capacity 13442K, committed 13568K, reserved 1048576K
}
Event: 56.697 GC heap before
{Heap before GC invocations=40 (full 0):
 garbage-first heap   total 337920K, used 265216K [0x00000000a0000000, 0x0000000100000000)
  region size 1024K, 44 young (45056K), 8 survivors (8192K)
 Metaspace       used 97816K, capacity 100696K, committed 100872K, reserved 1136640K
  class space    used 12358K, capacity 13442K, committed 13568K, reserved 1048576K
}
Event: 56.746 GC heap after
{Heap after GC invocations=41 (full 0):
 garbage-first heap   total 337920K, used 250880K [0x00000000a0000000, 0x0000000100000000)
  region size 1024K, 6 young (6144K), 6 survivors (6144K)
 Metaspace       used 97816K, capacity 100696K, committed 100872K, reserved 1136640K
  class space    used 12358K, capacity 13442K, committed 13568K, reserved 1048576K
}
Event: 57.123 GC heap before
{Heap before GC invocations=41 (full 0):
 garbage-first heap   total 337920K, used 273408K [0x00000000a0000000, 0x0000000100000000)
  region size 1024K, 29 young (29696K), 6 survivors (6144K)
 Metaspace       used 97833K, capacity 100699K, committed 100872K, reserved 1136640K
  class space    used 12358K, capacity 13442K, committed 13568K, reserved 1048576K
}
Event: 57.158 GC heap after
{Heap after GC invocations=42 (full 0):
 garbage-first heap   total 337920K, used 260608K [0x00000000a0000000, 0x0000000100000000)
  region size 1024K, 4 young (4096K), 4 survivors (4096K)
 Metaspace       used 97833K, capacity 100699K, committed 100872K, reserved 1136640K
  class space    used 12358K, capacity 13442K, committed 13568K, reserved 1048576K
}
Event: 57.470 GC heap before
{Heap before GC invocations=43 (full 0):
 garbage-first heap   total 337920K, used 280064K [0x00000000a0000000, 0x0000000100000000)
  region size 1024K, 23 young (23552K), 4 survivors (4096K)
 Metaspace       used 97844K, capacity 100701K, committed 100872K, reserved 1136640K
  class space    used 12358K, capacity 13442K, committed 13568K, reserved 1048576K
}
Event: 57.507 GC heap after
{Heap after GC invocations=44 (full 0):
 garbage-first heap   total 337920K, used 266240K [0x00000000a0000000, 0x0000000100000000)
  region size 1024K, 3 young (3072K), 3 survivors (3072K)
 Metaspace       used 97844K, capacity 100701K, committed 100872K, reserved 1136640K
  class space    used 12358K, capacity 13442K, committed 13568K, reserved 1048576K
}
Event: 57.608 GC heap before
{Heap before GC invocations=44 (full 0):
 garbage-first heap   total 337920K, used 278528K [0x00000000a0000000, 0x0000000100000000)
  region size 1024K, 16 young (16384K), 3 survivors (3072K)
 Metaspace       used 97846K, capacity 100701K, committed 100872K, reserved 1136640K
  class space    used 12358K, capacity 13442K, committed 13568K, reserved 1048576K
}

