# JRE version: OpenJDK Runtime Environment (11.0.8+10) (build 11.0.8+10-b944.6842174)
# Java VM: OpenJDK 64-Bit Server VM (11.0.8+10-b944.6842174, mixed mode, tiered, compressed oops, g1 gc, windows-amd64)
Heap:
 garbage-first heap   total 559104K, used 269260K [0x00000000a0000000, 0x0000000100000000)
  region size 1024K, 2 young (2048K), 2 survivors (2048K)
 Metaspace       used 83540K, capacity 85918K, committed 86216K, reserved 1124352K
  class space    used 10882K, capacity 11795K, committed 11904K, reserved 1048576K
GC Heap History (20 events):
Event: 28.783 GC heap after
{Heap after GC invocations=29 (full 0):
 garbage-first heap   total 236544K, used 179553K [0x00000000a0000000, 0x0000000100000000)
  region size 1024K, 3 young (3072K), 3 survivors (3072K)
 Metaspace       used 81571K, capacity 83854K, committed 84040K, reserved 1122304K
  class space    used 10625K, capacity 11505K, committed 11520K, reserved 1048576K
}
Event: 29.166 GC heap before
{Heap before GC invocations=29 (full 0):
 garbage-first heap   total 236544K, used 193889K [0x00000000a0000000, 0x0000000100000000)
  region size 1024K, 17 young (17408K), 3 survivors (3072K)
 Metaspace       used 81605K, capacity 83919K, committed 84040K, reserved 1122304K
  class space    used 10626K, capacity 11505K, committed 11520K, reserved 1048576K
}
Event: 29.189 GC heap after
{Heap after GC invocations=30 (full 0):
 garbage-first heap   total 236544K, used 188847K [0x00000000a0000000, 0x0000000100000000)
  region size 1024K, 3 young (3072K), 3 survivors (3072K)
 Metaspace       used 81605K, capacity 83919K, committed 84040K, reserved 1122304K
  class space    used 10626K, capacity 11505K, committed 11520K, reserved 1048576K
}
Event: 29.254 GC heap before
{Heap before GC invocations=30 (full 0):
 garbage-first heap   total 236544K, used 199087K [0x00000000a0000000, 0x0000000100000000)
  region size 1024K, 13 young (13312K), 3 survivors (3072K)
 Metaspace       used 81615K, capacity 83921K, committed 84040K, reserved 1122304K
  class space    used 10626K, capacity 11505K, committed 11520K, reserved 1048576K
}
Event: 29.272 GC heap after
{Heap after GC invocations=31 (full 0):
 garbage-first heap   total 284672K, used 195380K [0x00000000a0000000, 0x0000000100000000)
  region size 1024K, 2 young (2048K), 2 survivors (2048K)
 Metaspace       used 81615K, capacity 83921K, committed 84040K, reserved 1122304K
  class space    used 10626K, capacity 11505K, committed 11520K, reserved 1048576K
}
Event: 29.676 GC heap before
{Heap before GC invocations=32 (full 0):
 garbage-first heap   total 284672K, used 223028K [0x00000000a0000000, 0x0000000100000000)
  region size 1024K, 29 young (29696K), 2 survivors (2048K)
 Metaspace       used 81624K, capacity 83922K, committed 84040K, reserved 1122304K
  class space    used 10626K, capacity 11505K, committed 11520K, reserved 1048576K
}
Event: 29.703 GC heap after
{Heap after GC invocations=33 (full 0):
 garbage-first heap   total 284672K, used 211297K [0x00000000a0000000, 0x0000000100000000)
  region size 1024K, 4 young (4096K), 4 survivors (4096K)
 Metaspace       used 81624K, capacity 83922K, committed 84040K, reserved 1122304K
  class space    used 10626K, capacity 11505K, committed 11520K, reserved 1048576K
}
Event: 29.794 GC heap before
{Heap before GC invocations=33 (full 0):
 garbage-first heap   total 284672K, used 220513K [0x00000000a0000000, 0x0000000100000000)
  region size 1024K, 13 young (13312K), 4 survivors (4096K)
 Metaspace       used 81625K, capacity 83922K, committed 84040K, reserved 1122304K
  class space    used 10626K, capacity 11505K, committed 11520K, reserved 1048576K
}
Event: 29.819 GC heap after
{Heap after GC invocations=34 (full 0):
 garbage-first heap   total 284672K, used 216576K [0x00000000a0000000, 0x0000000100000000)
  region size 1024K, 2 young (2048K), 2 survivors (2048K)
 Metaspace       used 81625K, capacity 83922K, committed 84040K, reserved 1122304K
  class space    used 10626K, capacity 11505K, committed 11520K, reserved 1048576K
}
Event: 29.933 GC heap before
{Heap before GC invocations=34 (full 0):
 garbage-first heap   total 284672K, used 232960K [0x00000000a0000000, 0x0000000100000000)
  region size 1024K, 18 young (18432K), 2 survivors (2048K)
 Metaspace       used 81625K, capacity 83922K, committed 84040K, reserved 1122304K
  class space    used 10626K, capacity 11505K, committed 11520K, reserved 1048576K
}
Event: 29.953 GC heap after
{Heap after GC invocations=35 (full 0):
 garbage-first heap   total 284672K, used 226117K [0x00000000a0000000, 0x0000000100000000)
  region size 1024K, 3 young (3072K), 3 survivors (3072K)
 Metaspace       used 81625K, capacity 83922K, committed 84040K, reserved 1122304K
  class space    used 10626K, capacity 11505K, committed 11520K, reserved 1048576K
}
Event: 30.085 GC heap before
{Heap before GC invocations=35 (full 0):
 garbage-first heap   total 284672K, used 238405K [0x00000000a0000000, 0x0000000100000000)
  region size 1024K, 15 young (15360K), 3 survivors (3072K)
 Metaspace       used 81625K, capacity 83922K, committed 84040K, reserved 1122304K
  class space    used 10626K, capacity 11505K, committed 11520K, reserved 1048576K
}
Event: 30.105 GC heap after
{Heap after GC invocations=36 (full 0):
 garbage-first heap   total 353280K, used 233472K [0x00000000a0000000, 0x0000000100000000)
  region size 1024K, 2 young (2048K), 2 survivors (2048K)
 Metaspace       used 81625K, capacity 83922K, committed 84040K, reserved 1122304K
  class space    used 10626K, capacity 11505K, committed 11520K, reserved 1048576K
}
Event: 30.739 GC heap before
{Heap before GC invocations=36 (full 0):
 garbage-first heap   total 353280K, used 266240K [0x00000000a0000000, 0x0000000100000000)
  region size 1024K, 34 young (34816K), 2 survivors (2048K)
 Metaspace       used 81629K, capacity 83909K, committed 84040K, reserved 1122304K
  class space    used 10624K, capacity 11500K, committed 11520K, reserved 1048576K
}
Event: 30.786 GC heap after
{Heap after GC invocations=37 (full 0):
 garbage-first heap   total 353280K, used 252928K [0x00000000a0000000, 0x0000000100000000)
  region size 1024K, 5 young (5120K), 5 survivors (5120K)
 Metaspace       used 81629K, capacity 83909K, committed 84040K, reserved 1122304K
  class space    used 10624K, capacity 11500K, committed 11520K, reserved 1048576K
}
Event: 31.425 GC heap before
{Heap before GC invocations=38 (full 0):
 garbage-first heap   total 353280K, used 279552K [0x00000000a0000000, 0x0000000100000000)
  region size 1024K, 31 young (31744K), 5 survivors (5120K)
 Metaspace       used 83289K, capacity 85632K, committed 85832K, reserved 1124352K
  class space    used 10854K, capacity 11744K, committed 11776K, reserved 1048576K
}
Event: 31.454 GC heap after
{Heap after GC invocations=39 (full 0):
 garbage-first heap   total 353280K, used 260096K [0x00000000a0000000, 0x0000000100000000)
  region size 1024K, 4 young (4096K), 4 survivors (4096K)
 Metaspace       used 83289K, capacity 85632K, committed 85832K, reserved 1124352K
  class space    used 10854K, capacity 11744K, committed 11776K, reserved 1048576K
}
Event: 31.737 GC heap before
{Heap before GC invocations=39 (full 0):
 garbage-first heap   total 353280K, used 284672K [0x00000000a0000000, 0x0000000100000000)
  region size 1024K, 29 young (29696K), 4 survivors (4096K)
 Metaspace       used 83534K, capacity 85914K, committed 86216K, reserved 1124352K
  class space    used 10881K, capacity 11794K, committed 11904K, reserved 1048576K
}
Event: 31.775 GC heap after
{Heap after GC invocations=40 (full 0):
 garbage-first heap   total 353280K, used 267264K [0x00000000a0000000, 0x0000000100000000)
  region size 1024K, 4 young (4096K), 4 survivors (4096K)
 Metaspace       used 83534K, capacity 85914K, committed 86216K, reserved 1124352K
  class space    used 10881K, capacity 11794K, committed 11904K, reserved 1048576K
}
Event: 31.915 GC heap before
{Heap before GC invocations=40 (full 0):
 garbage-first heap   total 353280K, used 290816K [0x00000000a0000000, 0x0000000100000000)
  region size 1024K, 27 young (27648K), 4 survivors (4096K)
 Metaspace       used 83540K, capacity 85918K, committed 86216K, reserved 1124352K
  class space    used 10882K, capacity 11795K, committed 11904K, reserved 1048576K
}

